<?xml version="1.0" encoding="UTF-8"?>
<testsuites>
  <testsuite name="Tests\Feature\DashboardTest" file="D:\Projetos\meetrix\tests\Feature\DashboardTest.php" tests="1" assertions="0" errors="1" failures="0" skipped="0" time="2.353957">
    <testcase name="test_dashboard_stats_aggregation" file="D:\Projetos\meetrix\tests\Feature\DashboardTest.php" line="16" class="Tests\Feature\DashboardTest" classname="Tests.Feature.DashboardTest" assertions="0" time="2.353957">
      <error type="Illuminate\Database\QueryException">Tests\Feature\DashboardTest::test_dashboard_stats_aggregation&#13;
Illuminate\Database\QueryException: SQLSTATE[42S22]: Column not found: 1054 Unknown column 'scheduling_page_id' in 'field list' (Connection: mysql, SQL: insert into `bookings` (`scheduling_page_id`, `customer_name`, `customer_email`, `start_at`, `end_at`, `status`, `updated_at`, `created_at`) values (1, Customer 1, c1@example.com, 2026-02-20 08:09:01, 2026-02-20 09:09:01, confirmed, 2026-02-20 07:09:01, 2026-02-20 07:09:01))
&#13;
D:\Projetos\meetrix\vendor\laravel\framework\src\Illuminate\Database\Connection.php:825
D:\Projetos\meetrix\vendor\laravel\framework\src\Illuminate\Database\Connection.php:779
D:\Projetos\meetrix\vendor\laravel\framework\src\Illuminate\Database\MySqlConnection.php:42
D:\Projetos\meetrix\vendor\laravel\framework\src\Illuminate\Database\Query\Processors\MySqlProcessor.php:35
D:\Projetos\meetrix\vendor\laravel\framework\src\Illuminate\Database\Query\Builder.php:3766
D:\Projetos\meetrix\vendor\laravel\framework\src\Illuminate\Database\Eloquent\Builder.php:2120
D:\Projetos\meetrix\vendor\laravel\framework\src\Illuminate\Database\Eloquent\Model.php:1359
D:\Projetos\meetrix\vendor\laravel\framework\src\Illuminate\Database\Eloquent\Model.php:1324
D:\Projetos\meetrix\vendor\laravel\framework\src\Illuminate\Database\Eloquent\Model.php:1163
D:\Projetos\meetrix\vendor\laravel\framework\src\Illuminate\Database\Eloquent\Builder.php:1128
D:\Projetos\meetrix\vendor\laravel\framework\src\Illuminate\Support\helpers.php:399
D:\Projetos\meetrix\vendor\laravel\framework\src\Illuminate\Database\Eloquent\Builder.php:1127
D:\Projetos\meetrix\vendor\laravel\framework\src\Illuminate\Support\Traits\ForwardsCalls.php:23
D:\Projetos\meetrix\vendor\laravel\framework\src\Illuminate\Database\Eloquent\Model.php:2372
D:\Projetos\meetrix\vendor\laravel\framework\src\Illuminate\Database\Eloquent\Model.php:2384
D:\Projetos\meetrix\tests\Feature\DashboardTest.php:36</error>
    </testcase>
  </testsuite>
</testsuites>
